<?xml version="1.0" encoding="UTF-8"?>
<testng-results ignored="0" total="1" passed="1" failed="0" skipped="0">
  <reporter-output>
  </reporter-output>
  <suite started-at="2019-09-10T19:03:14Z" name="PilotPay" finished-at="2019-09-10T19:04:19Z" duration-ms="65362">
    <groups>
    </groups>
    <test started-at="2019-09-10T19:03:14Z" name="PilotPayApp Test" finished-at="2019-09-10T19:04:19Z" duration-ms="65362">
      <class name="com.PilotPay.testCases.TC_E2EPayCategorieyTest_006">
        <test-method is-config="true" signature="setup(java.lang.String)[pri:0, instance:com.PilotPay.testCases.TC_E2EPayCategorieyTest_006@a1153bc]" started-at="2019-09-10T19:03:14Z" name="setup" finished-at="2019-09-10T19:03:27Z" duration-ms="12646" status="PASS">
          <params>
            <param index="0">
              <value>
                <![CDATA[chrome]]>
              </value>
            </param>
          </params>
          <reporter-output>
          </reporter-output>
        </test-method> <!-- setup -->
        <test-method signature="addNewPayCategory()[pri:0, instance:com.PilotPay.testCases.TC_E2EPayCategorieyTest_006@a1153bc]" started-at="2019-09-10T19:03:27Z" name="addNewPayCategory" finished-at="2019-09-10T19:04:18Z" duration-ms="51351" status="PASS">
          <reporter-output>
          </reporter-output>
        </test-method> <!-- addNewPayCategory -->
        <test-method is-config="true" signature="tearDown()[pri:0, instance:com.PilotPay.testCases.TC_E2EPayCategorieyTest_006@a1153bc]" started-at="2019-09-10T19:04:18Z" name="tearDown" finished-at="2019-09-10T19:04:19Z" duration-ms="1011" status="PASS">
          <reporter-output>
          </reporter-output>
        </test-method> <!-- tearDown -->
      </class> <!-- com.PilotPay.testCases.TC_E2EPayCategorieyTest_006 -->
    </test> <!-- PilotPayApp Test -->
  </suite> <!-- PilotPay -->
</testng-results>
